<?xml version="1.0" encoding="UTF-8"?><testsuite failures="0" name="cucumber.runtime.formatter.JUnitFormatter" skipped="0" tests="4" time="132.923054">
<testcase classname="[755712] PLC Documents indexed by search engines contain html markup to the PLC reference for the given document" name="Document contains link tag with canonical attribute" time="107.638356">
<system-out><![CDATA[Given PL+ user is logged in.................................................passed
When the user opens /1-107-4909 url on plcuk website........................passed
Then current url contains link tag with attribute rel="canonical"...........passed
]]></system-out>
</testcase>
<testcase classname="[755712] PLC Documents indexed by search engines contain html markup to the PLC reference for the given document" name="Document contains link tag with canonical attribute 2" time="9.139592">
<system-out><![CDATA[Given PL+ user is logged in.................................................passed
When the user opens /7-503-7052 url on plcuk website........................passed
Then current url contains link tag with attribute rel="canonical"...........passed
]]></system-out>
</testcase>
<testcase classname="[755712] PLC Documents indexed by search engines contain html markup to the PLC reference for the given document" name="Document contains link tag with canonical attribute 3" time="8.951465">
<system-out><![CDATA[Given PL+ user is logged in.................................................passed
When the user opens /8-382-6136 url on plcuk website........................passed
Then current url contains link tag with attribute rel="canonical"...........passed
]]></system-out>
</testcase>
<testcase classname="[755712] PLC Documents indexed by search engines contain html markup to the PLC reference for the given document" name="Document contains link tag with canonical attribute 4" time="7.193641">
<system-out><![CDATA[Given PL+ user is logged in.................................................passed
When the user opens /6-580-7706 url on plcuk website........................passed
Then current url contains link tag with attribute rel="canonical"...........passed
]]></system-out>
</testcase>
</testsuite>
