<?xml version="1.0" encoding="UTF-8" ?>
<testsuite tests="18" failures="0" name="search.RunAcceptanceTest" time="0.006" errors="0" skipped="0">
  <properties>
    <property name="java.runtime.name" value="Java(TM) SE Runtime Environment"/>
    <property name="sun.boot.library.path" value="C:\Program Files\Java\jdk1.8.0_65\jre\bin"/>
    <property name="java.vm.version" value="25.65-b01"/>
    <property name="java.vm.vendor" value="Oracle Corporation"/>
    <property name="maven.multiModuleProjectDirectory" value="C:\Users\Mariya_Belemenko@epam.com\IdeaProjects\BDD-checkingCart"/>
    <property name="java.vendor.url" value="http://java.oracle.com/"/>
    <property name="path.separator" value=";"/>
    <property name="guice.disable.misplaced.annotation.check" value="true"/>
    <property name="java.vm.name" value="Java HotSpot(TM) 64-Bit Server VM"/>
    <property name="file.encoding.pkg" value="sun.io"/>
    <property name="user.script" value=""/>
    <property name="user.country" value="US"/>
    <property name="sun.java.launcher" value="SUN_STANDARD"/>
    <property name="sun.os.patch.level" value="Service Pack 1"/>
    <property name="java.vm.specification.name" value="Java Virtual Machine Specification"/>
    <property name="user.dir" value="C:\Users\Mariya_Belemenko@epam.com\IdeaProjects\BDD-checkingCart"/>
    <property name="java.runtime.version" value="1.8.0_65-b17"/>
    <property name="java.awt.graphicsenv" value="sun.awt.Win32GraphicsEnvironment"/>
    <property name="java.endorsed.dirs" value="C:\Program Files\Java\jdk1.8.0_65\jre\lib\endorsed"/>
    <property name="os.arch" value="amd64"/>
    <property name="java.io.tmpdir" value="C:\Users\Mariya_Belemenko@epam.com\AppData\Local\Temp\"/>
    <property name="line.separator" value="
"/>
    <property name="java.vm.specification.vendor" value="Oracle Corporation"/>
    <property name="user.variant" value=""/>
    <property name="os.name" value="Windows 7"/>
    <property name="classworlds.conf" value="C:\Users\Mariya_Belemenko@epam.com\Documents\Maven\apache-maven-3.3.9\bin\..\bin\m2.conf"/>
    <property name="sun.jnu.encoding" value="Cp1251"/>
    <property name="java.library.path" value="C:\Program Files\Java\jdk1.8.0_65\bin;C:\WINDOWS\Sun\Java\bin;C:\WINDOWS\system32;C:\WINDOWS;C:\ProgramData\Oracle\Java\javapath;C:\WINDOWS\system32;C:\WINDOWS;C:\WINDOWS\System32\Wbem;C:\WINDOWS\System32\WindowsPowerShell\v1.0\;C:\Program Files\TortoiseSVN\bin;C:\Program Files (x86)\Skype\Phone;C:\Java\jre1.8.0_65\bin;C:\Users\Mariya_Belemenko@epam.com\Documents\Maven\apache-maven-3.3.9\bin;C:\Program Files (x86)\Skype\Phone\;."/>
    <property name="java.specification.name" value="Java Platform API Specification"/>
    <property name="java.class.version" value="52.0"/>
    <property name="sun.management.compiler" value="HotSpot 64-Bit Tiered Compilers"/>
    <property name="os.version" value="6.1"/>
    <property name="user.home" value="C:\Users\Mariya_Belemenko@epam.com"/>
    <property name="user.timezone" value="Europe/Minsk"/>
    <property name="java.awt.printerjob" value="sun.awt.windows.WPrinterJob"/>
    <property name="java.specification.version" value="1.8"/>
    <property name="file.encoding" value="Cp1251"/>
    <property name="user.name" value="Mariya_Belemenko"/>
    <property name="java.class.path" value="C:\Users\Mariya_Belemenko@epam.com\Documents\Maven\apache-maven-3.3.9\bin\..\boot\plexus-classworlds-2.5.2.jar"/>
    <property name="java.vm.specification.version" value="1.8"/>
    <property name="sun.arch.data.model" value="64"/>
    <property name="java.home" value="C:\Program Files\Java\jdk1.8.0_65\jre"/>
    <property name="sun.java.command" value="org.codehaus.plexus.classworlds.launcher.Launcher test"/>
    <property name="java.specification.vendor" value="Oracle Corporation"/>
    <property name="user.language" value="en"/>
    <property name="awt.toolkit" value="sun.awt.windows.WToolkit"/>
    <property name="java.vm.info" value="mixed mode"/>
    <property name="java.version" value="1.8.0_65"/>
    <property name="java.ext.dirs" value="C:\Program Files\Java\jdk1.8.0_65\jre\lib\ext;C:\WINDOWS\Sun\Java\lib\ext"/>
    <property name="sun.boot.class.path" value="C:\Program Files\Java\jdk1.8.0_65\jre\lib\resources.jar;C:\Program Files\Java\jdk1.8.0_65\jre\lib\rt.jar;C:\Program Files\Java\jdk1.8.0_65\jre\lib\sunrsasign.jar;C:\Program Files\Java\jdk1.8.0_65\jre\lib\jsse.jar;C:\Program Files\Java\jdk1.8.0_65\jre\lib\jce.jar;C:\Program Files\Java\jdk1.8.0_65\jre\lib\charsets.jar;C:\Program Files\Java\jdk1.8.0_65\jre\lib\jfr.jar;C:\Program Files\Java\jdk1.8.0_65\jre\classes"/>
    <property name="sun.stderr.encoding" value="cp866"/>
    <property name="java.vendor" value="Oracle Corporation"/>
    <property name="maven.home" value="C:\Users\Mariya_Belemenko@epam.com\Documents\Maven\apache-maven-3.3.9\bin\.."/>
    <property name="file.separator" value="\"/>
    <property name="java.vendor.url.bug" value="http://bugreport.sun.com/bugreport/"/>
    <property name="sun.cpu.endian" value="little"/>
    <property name="sun.io.unicode.encoding" value="UnicodeLittle"/>
    <property name="sun.stdout.encoding" value="cp866"/>
    <property name="sun.desktop" value="windows"/>
    <property name="sun.cpu.isalist" value="amd64"/>
  </properties>
  <testcase classname="Scenario: Adding Goods to a Cart" name="Given The user enters &quot;iPhone s6&quot; in the searching field" time="0.004"/>
  <testcase classname="Scenario: Adding Goods to a Cart" name="When he presses a button &apos;Search&apos;" time="0.002"/>
  <testcase classname="Scenario: Adding Goods to a Cart" name="And he presses on an image of the good" time="0"/>
  <testcase classname="Scenario: Adding Goods to a Cart" name="And he sets good&apos;s color to &quot;Black&quot;" time="0"/>
  <testcase classname="Scenario: Adding Goods to a Cart" name="And he sets good&apos;s model to &quot;For Apple iPhone 6&quot;" time="0"/>
  <testcase classname="Scenario: Adding Goods to a Cart" name="And he sets good&apos;s glass screen protector to &quot;No&quot;" time="0"/>
  <testcase classname="Scenario: Adding Goods to a Cart" name="And he presses a button &apos;Add to cart&apos;" time="0"/>
  <testcase classname="Scenario: Adding Goods to a Cart" name="And he presses button &apos;Cart&apos; to see it&apos;s content" time="0"/>
  <testcase classname="Scenario: Adding Goods to a Cart" name="And ensure &quot;роскошный алюминиевый ультратонкий зеркало металлический чехол для iPhone 5 / 5s / 6 / 6 + плюс&quot; is in the cart" time="0"/>
  <testcase classname="Scenario: Adding Goods to a Cart" name="And he presses button &apos;Save for future&apos;" time="0"/>
  <testcase classname="Scenario: Adding Goods to a Cart" name="And he edits &quot;MariaBelemenko@gmail.com&quot; into the field &apos;Login&apos;" time="0"/>
  <testcase classname="Scenario: Adding Goods to a Cart" name="And he edits &quot;maria311089&quot; into the field &apos;Password&apos;" time="0"/>
  <testcase classname="Scenario: Adding Goods to a Cart" name="And he submits his personal information" time="0"/>
  <testcase classname="Scenario: Adding Goods to a Cart" name="And ensure &quot;Luxury Aluminum Ultra-thin Mirror Metal Case Cover for iPhone 5/ 5s/ 6/ 6+ Plus был сохранен для покупки в будущем.&quot; has been successfully removed to &apos;Saved goods&apos;" time="0"/>
  <testcase classname="Scenario: Adding Goods to a Cart" name="And he presses button &apos;Delete the good from the cart&apos;" time="0"/>
  <testcase classname="Scenario: Adding Goods to a Cart" name="And he presses button &apos;Show the cart&apos;" time="0"/>
  <testcase classname="Scenario: Adding Goods to a Cart" name="Then ensure &quot;Ваша корзина пуста, но вы можете положить в нее какой-нибудь товар.&quot; his cart is empty" time="0"/>
  <testcase classname="Scenario: Adding Goods to a Cart" name="Scenario: Adding Goods to a Cart" time="0"/>
</testsuite>