<?xml version="1.0" encoding="UTF-8"?>
<!-- Generated by org.testng.reporters.JUnitReportReporter -->
<testsuite hostname="EPBYMINW6130" name="com.epam.Task1.tests.TestClass" tests="1" failures="0" timestamp="21 Jun 2016 08:02:22 GMT" time="0.008" errors="0">
  <testcase name="sum" time="0.008" classname="com.epam.Task1.tests.TestClass"/>
</testsuite> <!-- com.epam.Task1.tests.TestClass -->
